<?xml version="1.0" encoding="UTF-8"?>
<!-- Generated by org.testng.reporters.JUnitReportReporter -->
<testsuite hostname="Jerome" failures="0" tests="2" name="test.selenium.week4.SeleniumTestPractice3" time="36.306" errors="0" timestamp="2024-10-19T08:14:24 IST" skipped="1">
  <testcase classname="test.selenium.week4.SeleniumTestPractice3" name="certificationsSortOrder" time="36.306"/>
  <testcase classname="test.selenium.week4.SeleniumTestPractice3" name="createLeadforCanpaign">
    <skipped/>
  </testcase> <!-- createLeadforCanpaign -->
</testsuite> <!-- test.selenium.week4.SeleniumTestPractice3 -->
