<?xml version="1.0" encoding="UTF-8"?>
<!-- Generated by org.testng.reporters.JUnitReportReporter -->
<testsuite hostname="Jerome" failures="0" tests="2" name="test.selenium.week4.SeleniumTestPractice2" time="285.697" errors="0" timestamp="2024-10-18T09:51:52 IST" skipped="1">
  <testcase classname="test.selenium.week4.SeleniumTestPractice2" name="verifyNonProfitCertificate" time="285.697"/>
  <testcase classname="test.selenium.week4.SeleniumTestPractice2" name="downloadPDF">
    <skipped/>
  </testcase> <!-- downloadPDF -->
</testsuite> <!-- test.selenium.week4.SeleniumTestPractice2 -->
