<?xml version="1.0" encoding="UTF-8"?>
<!-- Generated by org.testng.reporters.JUnitReportReporter -->
<testsuite hostname="Jerome" failures="0" tests="1" name="salesforce.test.automation.S639DownloadPDF" time="55.103" errors="0" timestamp="2024-10-19T12:50:10 IST" skipped="0">
  <testcase classname="salesforce.test.automation.S639DownloadPDF" name="downloadPDF" time="55.103"/>
</testsuite> <!-- salesforce.test.automation.S639DownloadPDF -->
