<?xml version="1.0" encoding="UTF-8"?>
<!-- Generated by org.testng.reporters.JUnitReportReporter -->
<testsuite hostname="Jerome" failures="0" tests="6" name="test.selenium.week4.SeleniumTestPractice" time="60.064" errors="0" timestamp="2024-10-15T08:29:32 IST" skipped="5">
  <testcase classname="test.selenium.week4.SeleniumTestPractice" name="editDashboard" time="60.064"/>
  <testcase classname="test.selenium.week4.SeleniumTestPractice" name="createLegalEntity">
    <skipped/>
  </testcase> <!-- createLegalEntity -->
  <testcase classname="test.selenium.week4.SeleniumTestPractice" name="verifySorted">
    <skipped/>
  </testcase> <!-- verifySorted -->
  <testcase classname="test.selenium.week4.SeleniumTestPractice" name="testCreateAccount">
    <skipped/>
  </testcase> <!-- testCreateAccount -->
  <testcase classname="test.selenium.week4.SeleniumTestPractice" name="verifyCreateCase">
    <skipped/>
  </testcase> <!-- verifyCreateCase -->
  <testcase classname="test.selenium.week4.SeleniumTestPractice" name="deleteOpurtunity">
    <skipped/>
  </testcase> <!-- deleteOpurtunity -->
</testsuite> <!-- test.selenium.week4.SeleniumTestPractice -->
