<?xml version="1.0" encoding="UTF-8"?>
<!-- Generated by org.testng.reporters.JUnitReportReporter -->
<testsuite hostname="Jerome" failures="0" tests="1" name="salesforce.test.automation.S616DeleteOpportunity" time="36.130" errors="0" timestamp="2024-10-19T17:13:58 IST" skipped="0">
  <testcase classname="salesforce.test.automation.S616DeleteOpportunity" name="deleteOpurtunity" time="36.130"/>
</testsuite> <!-- salesforce.test.automation.S616DeleteOpportunity -->
