<?xml version="1.0" encoding="UTF-8"?>
<!-- Generated by org.testng.reporters.JUnitReportReporter -->
<testsuite hostname="Jerome" failures="0" tests="6" name="test.selenium.week4.SeleniumTestPractice" time="15.816" errors="0" timestamp="2024-10-19T16:04:53 IST" skipped="5">
  <testcase classname="test.selenium.week4.SeleniumTestPractice" name="testCreateAccount" time="15.816"/>
  <testcase classname="test.selenium.week4.SeleniumTestPractice" name="editDashboard">
    <skipped/>
  </testcase> <!-- editDashboard -->
  <testcase classname="test.selenium.week4.SeleniumTestPractice" name="deleteOpurtunity">
    <skipped/>
  </testcase> <!-- deleteOpurtunity -->
  <testcase classname="test.selenium.week4.SeleniumTestPractice" name="createLegalEntity">
    <skipped/>
  </testcase> <!-- createLegalEntity -->
  <testcase classname="test.selenium.week4.SeleniumTestPractice" name="verifyCreateCase">
    <skipped/>
  </testcase> <!-- verifyCreateCase -->
  <testcase classname="test.selenium.week4.SeleniumTestPractice" name="verifySorted">
    <skipped/>
  </testcase> <!-- verifySorted -->
</testsuite> <!-- test.selenium.week4.SeleniumTestPractice -->
